time="2022-01-09 09:29:03" level=info Agent="Mozilla/5.0 (Windows NT 10.0; Win64; x64) AppleWebKit/537.36 (KHTML, like Gecko) Chrome/96.0.4664.110 Safari/537.36" DataSize=994 HostName=LAPTOP-J60BJ9PH Ip="::1" Method=GET Path=/api/v1/category SpendTime="%!d(float64=20) ms" Status=200
time="2022-01-09 09:29:06" level=info Agent="Mozilla/5.0 (Windows NT 10.0; Win64; x64) AppleWebKit/537.36 (KHTML, like Gecko) Chrome/96.0.4664.110 Safari/537.36" DataSize=994 HostName=LAPTOP-J60BJ9PH Ip="::1" Method=GET Path=/api/v1/category SpendTime="%!d(float64=2) ms" Status=200
time="2022-01-09 09:33:10" level=info Agent="Mozilla/5.0 (Windows NT 10.0; Win64; x64) AppleWebKit/537.36 (KHTML, like Gecko) Chrome/96.0.4664.110 Safari/537.36" DataSize=994 HostName=LAPTOP-J60BJ9PH Ip="::1" Method=GET Path=/api/v1/category SpendTime="%!d(float64=4) ms" Status=200
time="2022-01-09 09:33:56" level=warning Agent="Mozilla/5.0 (Windows NT 10.0; Win64; x64) AppleWebKit/537.36 (KHTML, like Gecko) Chrome/96.0.4664.110 Safari/537.36" DataSize=0 HostName=LAPTOP-J60BJ9PH Ip="::1" Method=GET Path=/ SpendTime="%!d(float64=0) ms" Status=404
time="2022-01-09 09:34:37" level=info Agent="Mozilla/5.0 (Windows NT 10.0; Win64; x64) AppleWebKit/537.36 (KHTML, like Gecko) Chrome/96.0.4664.110 Safari/537.36" DataSize=998 HostName=LAPTOP-J60BJ9PH Ip="::1" Method=GET Path=/admin SpendTime="%!d(float64=1) ms" Status=200
time="2022-01-09 09:34:37" level=info Agent="Mozilla/5.0 (Windows NT 10.0; Win64; x64) AppleWebKit/537.36 (KHTML, like Gecko) Chrome/96.0.4664.110 Safari/537.36" DataSize=61650 HostName=LAPTOP-J60BJ9PH Ip="::1" Method=GET Path=/admin/static/css/app.472a44ae.css SpendTime="%!d(float64=2) ms" Status=200
time="2022-01-09 09:34:37" level=info Agent="Mozilla/5.0 (Windows NT 10.0; Win64; x64) AppleWebKit/537.36 (KHTML, like Gecko) Chrome/96.0.4664.110 Safari/537.36" DataSize=273859 HostName=LAPTOP-J60BJ9PH Ip="::1" Method=GET Path=/admin/static/css/chunk-vendors.6d760814.css SpendTime="%!d(float64=2) ms" Status=200
time="2022-01-09 09:34:37" level=info Agent="Mozilla/5.0 (Windows NT 10.0; Win64; x64) AppleWebKit/537.36 (KHTML, like Gecko) Chrome/96.0.4664.110 Safari/537.36" DataSize=902312 HostName=LAPTOP-J60BJ9PH Ip="::1" Method=GET Path=/admin/static/js/app.2d0d85f5.js SpendTime="%!d(float64=2) ms" Status=200
time="2022-01-09 09:34:37" level=info Agent="Mozilla/5.0 (Windows NT 10.0; Win64; x64) AppleWebKit/537.36 (KHTML, like Gecko) Chrome/96.0.4664.110 Safari/537.36" DataSize=1278933 HostName=LAPTOP-J60BJ9PH Ip="::1" Method=GET Path=/admin/static/js/chunk-vendors.9aeb2f10.js SpendTime="%!d(float64=37) ms" Status=200
time="2022-01-09 09:34:37" level=warning Agent="Mozilla/5.0 (Windows NT 10.0; Win64; x64) AppleWebKit/537.36 (KHTML, like Gecko) Chrome/96.0.4664.110 Safari/537.36" DataSize=0 HostName=LAPTOP-J60BJ9PH Ip="::1" Method=GET Path=/admin/favicon.ico SpendTime="%!d(float64=0) ms" Status=404
time="2022-01-09 09:34:39" level=info Agent="Mozilla/5.0 (Windows NT 10.0; Win64; x64) AppleWebKit/537.36 (KHTML, like Gecko) Chrome/96.0.4664.110 Safari/537.36" DataSize=994 HostName=LAPTOP-J60BJ9PH Ip="::1" Method=GET Path="/api/v1/category?pagesize=5&pagenum=1" SpendTime="%!d(float64=3) ms" Status=200
time="2022-01-09 09:34:48" level=error Agent="Mozilla/5.0 (Windows NT 10.0; Win64; x64) AppleWebKit/537.36 (KHTML, like Gecko) Chrome/96.0.4664.110 Safari/537.36" DataSize=0 HostName=LAPTOP-J60BJ9PH Ip="::1" Method=POST Path=/api/v1/category/add SpendTime="%!d(float64=4) ms" Status=500
time="2022-01-09 09:34:49" level=error Agent="Mozilla/5.0 (Windows NT 10.0; Win64; x64) AppleWebKit/537.36 (KHTML, like Gecko) Chrome/96.0.4664.110 Safari/537.36" DataSize=0 HostName=LAPTOP-J60BJ9PH Ip="::1" Method=POST Path=/api/v1/category/add SpendTime="%!d(float64=4) ms" Status=500
time="2022-01-09 09:34:50" level=error Agent="Mozilla/5.0 (Windows NT 10.0; Win64; x64) AppleWebKit/537.36 (KHTML, like Gecko) Chrome/96.0.4664.110 Safari/537.36" DataSize=0 HostName=LAPTOP-J60BJ9PH Ip="::1" Method=POST Path=/api/v1/category/add SpendTime="%!d(float64=3) ms" Status=500
time="2022-01-09 09:34:50" level=error Agent="Mozilla/5.0 (Windows NT 10.0; Win64; x64) AppleWebKit/537.36 (KHTML, like Gecko) Chrome/96.0.4664.110 Safari/537.36" DataSize=0 HostName=LAPTOP-J60BJ9PH Ip="::1" Method=POST Path=/api/v1/category/add SpendTime="%!d(float64=5) ms" Status=500
time="2022-01-09 09:34:50" level=error Agent="Mozilla/5.0 (Windows NT 10.0; Win64; x64) AppleWebKit/537.36 (KHTML, like Gecko) Chrome/96.0.4664.110 Safari/537.36" DataSize=0 HostName=LAPTOP-J60BJ9PH Ip="::1" Method=POST Path=/api/v1/category/add SpendTime="%!d(float64=3) ms" Status=500
time="2022-01-09 09:34:55" level=info Agent="Mozilla/5.0 (Windows NT 10.0; Win64; x64) AppleWebKit/537.36 (KHTML, like Gecko) Chrome/96.0.4664.110 Safari/537.36" DataSize=994 HostName=LAPTOP-J60BJ9PH Ip="::1" Method=GET Path="/api/v1/category?pagenum=2" SpendTime="%!d(float64=4) ms" Status=200
time="2022-01-09 09:35:01" level=error Agent="Mozilla/5.0 (Windows NT 10.0; Win64; x64) AppleWebKit/537.36 (KHTML, like Gecko) Chrome/96.0.4664.110 Safari/537.36" DataSize=0 HostName=LAPTOP-J60BJ9PH Ip="::1" Method=POST Path=/api/v1/category/add SpendTime="%!d(float64=4) ms" Status=500
time="2022-01-09 09:35:02" level=error Agent="Mozilla/5.0 (Windows NT 10.0; Win64; x64) AppleWebKit/537.36 (KHTML, like Gecko) Chrome/96.0.4664.110 Safari/537.36" DataSize=0 HostName=LAPTOP-J60BJ9PH Ip="::1" Method=POST Path=/api/v1/category/add SpendTime="%!d(float64=3) ms" Status=500
time="2022-01-09 09:35:05" level=info Agent="Mozilla/5.0 (Windows NT 10.0; Win64; x64) AppleWebKit/537.36 (KHTML, like Gecko) Chrome/96.0.4664.110 Safari/537.36" DataSize=2087127 HostName=LAPTOP-J60BJ9PH Ip="::1" Method=GET Path=/admin/static/js/app.2d0d85f5.js.map SpendTime="%!d(float64=7) ms" Status=200
time="2022-01-09 09:35:05" level=info Agent="Mozilla/5.0 (Windows NT 10.0; Win64; x64) AppleWebKit/537.36 (KHTML, like Gecko) Chrome/96.0.4664.110 Safari/537.36" DataSize=3942414 HostName=LAPTOP-J60BJ9PH Ip="::1" Method=GET Path=/admin/static/js/chunk-vendors.9aeb2f10.js.map SpendTime="%!d(float64=48) ms" Status=200
time="2022-01-09 09:35:12" level=error Agent="Mozilla/5.0 (Windows NT 10.0; Win64; x64) AppleWebKit/537.36 (KHTML, like Gecko) Chrome/96.0.4664.110 Safari/537.36" DataSize=0 HostName=LAPTOP-J60BJ9PH Ip="::1" Method=POST Path=/api/v1/category/add SpendTime="%!d(float64=3) ms" Status=500
time="2022-01-09 09:35:16" level=error Agent="Mozilla/5.0 (Windows NT 10.0; Win64; x64) AppleWebKit/537.36 (KHTML, like Gecko) Chrome/96.0.4664.110 Safari/537.36" DataSize=0 HostName=LAPTOP-J60BJ9PH Ip="::1" Method=POST Path=/api/v1/category/add SpendTime="%!d(float64=4) ms" Status=500
time="2022-01-09 09:38:24" level=info Agent="Mozilla/5.0 (Windows NT 10.0; Win64; x64) AppleWebKit/537.36 (KHTML, like Gecko) Chrome/96.0.4664.110 Safari/537.36" DataSize=994 HostName=LAPTOP-J60BJ9PH Ip="::1" Method=GET Path=/api/v1/category SpendTime="%!d(float64=3) ms" Status=200
time="2022-01-09 09:38:55" level=info Agent="Mozilla/5.0 (Windows NT 10.0; Win64; x64) AppleWebKit/537.36 (KHTML, like Gecko) Chrome/96.0.4664.110 Safari/537.36" DataSize=994 HostName=LAPTOP-J60BJ9PH Ip="::1" Method=GET Path=/api/v1/category SpendTime="%!d(float64=4) ms" Status=200
time="2022-01-09 09:40:10" level=info Agent="Mozilla/5.0 (Windows NT 10.0; Win64; x64) AppleWebKit/537.36 (KHTML, like Gecko) Chrome/96.0.4664.110 Safari/537.36" DataSize=994 HostName=LAPTOP-J60BJ9PH Ip="::1" Method=GET Path=/api/v1/category SpendTime="%!d(float64=3) ms" Status=200
time="2022-01-09 09:50:13" level=info Agent="Mozilla/5.0 (Windows NT 10.0; Win64; x64) AppleWebKit/537.36 (KHTML, like Gecko) Chrome/96.0.4664.110 Safari/537.36" DataSize=994 HostName=LAPTOP-J60BJ9PH Ip="::1" Method=GET Path=/api/v1/category SpendTime="%!d(float64=3) ms" Status=200
time="2022-01-09 09:50:13" level=info Agent="Mozilla/5.0 (Windows NT 10.0; Win64; x64) AppleWebKit/537.36 (KHTML, like Gecko) Chrome/96.0.4664.110 Safari/537.36" DataSize=994 HostName=LAPTOP-J60BJ9PH Ip="::1" Method=GET Path=/api/v1/category SpendTime="%!d(float64=2) ms" Status=200
time="2022-01-09 09:50:13" level=info Agent="Mozilla/5.0 (Windows NT 10.0; Win64; x64) AppleWebKit/537.36 (KHTML, like Gecko) Chrome/96.0.4664.110 Safari/537.36" DataSize=994 HostName=LAPTOP-J60BJ9PH Ip="::1" Method=GET Path=/api/v1/category SpendTime="%!d(float64=2) ms" Status=200
time="2022-01-09 09:50:38" level=info Agent="Mozilla/5.0 (Windows NT 10.0; Win64; x64) AppleWebKit/537.36 (KHTML, like Gecko) Chrome/96.0.4664.110 Safari/537.36" DataSize=994 HostName=LAPTOP-J60BJ9PH Ip="::1" Method=GET Path=/api/v1/category SpendTime="%!d(float64=4) ms" Status=200
time="2022-01-09 09:51:30" level=info Agent="Mozilla/5.0 (Windows NT 10.0; Win64; x64) AppleWebKit/537.36 (KHTML, like Gecko) Chrome/96.0.4664.110 Safari/537.36" DataSize=994 HostName=LAPTOP-J60BJ9PH Ip="::1" Method=GET Path=/api/v1/category SpendTime="%!d(float64=3) ms" Status=200
time="2022-01-09 09:51:30" level=info Agent="Mozilla/5.0 (Windows NT 10.0; Win64; x64) AppleWebKit/537.36 (KHTML, like Gecko) Chrome/96.0.4664.110 Safari/537.36" DataSize=994 HostName=LAPTOP-J60BJ9PH Ip="::1" Method=GET Path=/api/v1/category SpendTime="%!d(float64=1) ms" Status=200
time="2022-01-09 09:53:33" level=info Agent="Mozilla/5.0 (Windows NT 10.0; Win64; x64) AppleWebKit/537.36 (KHTML, like Gecko) Chrome/96.0.4664.110 Safari/537.36" DataSize=994 HostName=LAPTOP-J60BJ9PH Ip="::1" Method=GET Path=/api/v1/category SpendTime="%!d(float64=5) ms" Status=200
time="2022-01-09 09:54:42" level=info Agent="Mozilla/5.0 (Windows NT 10.0; Win64; x64) AppleWebKit/537.36 (KHTML, like Gecko) Chrome/96.0.4664.110 Safari/537.36" DataSize=994 HostName=LAPTOP-J60BJ9PH Ip="::1" Method=GET Path=/api/v1/category SpendTime="%!d(float64=3) ms" Status=200
time="2022-01-09 13:32:42" level=info Agent="Mozilla/5.0 (Windows NT 10.0; Win64; x64) AppleWebKit/537.36 (KHTML, like Gecko) Chrome/96.0.4664.110 Safari/537.36" DataSize=994 HostName=LAPTOP-J60BJ9PH Ip="::1" Method=GET Path=/api/v1/category SpendTime="%!d(float64=3) ms" Status=200
time="2022-01-09 13:32:54" level=info Agent="Mozilla/5.0 (Windows NT 10.0; Win64; x64) AppleWebKit/537.36 (KHTML, like Gecko) Chrome/96.0.4664.110 Safari/537.36" DataSize=994 HostName=LAPTOP-J60BJ9PH Ip="::1" Method=GET Path=/api/v1/category SpendTime="%!d(float64=3) ms" Status=200
time="2022-01-09 13:34:04" level=info Agent="Mozilla/5.0 (Windows NT 10.0; Win64; x64) AppleWebKit/537.36 (KHTML, like Gecko) Chrome/96.0.4664.110 Safari/537.36" DataSize=994 HostName=LAPTOP-J60BJ9PH Ip="::1" Method=GET Path=/api/v1/category SpendTime="%!d(float64=5) ms" Status=200
time="2022-01-09 13:34:38" level=info Agent="Mozilla/5.0 (Windows NT 10.0; Win64; x64) AppleWebKit/537.36 (KHTML, like Gecko) Chrome/96.0.4664.110 Safari/537.36" DataSize=994 HostName=LAPTOP-J60BJ9PH Ip="::1" Method=GET Path=/api/v1/category SpendTime="%!d(float64=2) ms" Status=200
time="2022-01-09 13:38:11" level=info Agent="Mozilla/5.0 (Windows NT 10.0; Win64; x64) AppleWebKit/537.36 (KHTML, like Gecko) Chrome/96.0.4664.110 Safari/537.36" DataSize=994 HostName=LAPTOP-J60BJ9PH Ip="::1" Method=GET Path="/api/v1/category?pagenum=1" SpendTime="%!d(float64=3) ms" Status=200
time="2022-01-09 13:38:13" level=info Agent="Mozilla/5.0 (Windows NT 10.0; Win64; x64) AppleWebKit/537.36 (KHTML, like Gecko) Chrome/96.0.4664.110 Safari/537.36" DataSize=994 HostName=LAPTOP-J60BJ9PH Ip="::1" Method=GET Path="/api/v1/category?pagenum=2" SpendTime="%!d(float64=1) ms" Status=200
time="2022-01-09 13:38:22" level=error Agent="Mozilla/5.0 (Windows NT 10.0; Win64; x64) AppleWebKit/537.36 (KHTML, like Gecko) Chrome/96.0.4664.110 Safari/537.36" DataSize=0 HostName=LAPTOP-J60BJ9PH Ip="::1" Method=POST Path=/api/v1/category/add SpendTime="%!d(float64=3) ms" Status=500
time="2022-01-09 13:38:23" level=error Agent="Mozilla/5.0 (Windows NT 10.0; Win64; x64) AppleWebKit/537.36 (KHTML, like Gecko) Chrome/96.0.4664.110 Safari/537.36" DataSize=0 HostName=LAPTOP-J60BJ9PH Ip="::1" Method=POST Path=/api/v1/category/add SpendTime="%!d(float64=3) ms" Status=500
time="2022-01-09 13:38:23" level=error Agent="Mozilla/5.0 (Windows NT 10.0; Win64; x64) AppleWebKit/537.36 (KHTML, like Gecko) Chrome/96.0.4664.110 Safari/537.36" DataSize=0 HostName=LAPTOP-J60BJ9PH Ip="::1" Method=POST Path=/api/v1/category/add SpendTime="%!d(float64=4) ms" Status=500
time="2022-01-09 13:38:26" level=info Agent="Mozilla/5.0 (Windows NT 10.0; Win64; x64) AppleWebKit/537.36 (KHTML, like Gecko) Chrome/96.0.4664.110 Safari/537.36" DataSize=2087127 HostName=LAPTOP-J60BJ9PH Ip="::1" Method=GET Path=/admin/static/js/app.2d0d85f5.js.map SpendTime="%!d(float64=3) ms" Status=200
time="2022-01-09 13:38:26" level=info Agent="Mozilla/5.0 (Windows NT 10.0; Win64; x64) AppleWebKit/537.36 (KHTML, like Gecko) Chrome/96.0.4664.110 Safari/537.36" DataSize=3942414 HostName=LAPTOP-J60BJ9PH Ip="::1" Method=GET Path=/admin/static/js/chunk-vendors.9aeb2f10.js.map SpendTime="%!d(float64=21) ms" Status=200
time="2022-01-09 13:38:30" level=error Agent="Mozilla/5.0 (Windows NT 10.0; Win64; x64) AppleWebKit/537.36 (KHTML, like Gecko) Chrome/96.0.4664.110 Safari/537.36" DataSize=0 HostName=LAPTOP-J60BJ9PH Ip="::1" Method=POST Path=/api/v1/category/add SpendTime="%!d(float64=3) ms" Status=500
time="2022-01-09 13:39:00" level=error Agent="Mozilla/5.0 (Windows NT 10.0; Win64; x64) AppleWebKit/537.36 (KHTML, like Gecko) Chrome/96.0.4664.110 Safari/537.36" DataSize=0 HostName=LAPTOP-J60BJ9PH Ip="::1" Method=POST Path=/api/v1/category/add SpendTime="%!d(float64=3) ms" Status=500
time="2022-01-09 14:29:07" level=info Agent="Mozilla/5.0 (Windows NT 10.0; Win64; x64) AppleWebKit/537.36 (KHTML, like Gecko) Chrome/96.0.4664.110 Safari/537.36" DataSize=994 HostName=LAPTOP-J60BJ9PH Ip="::1" Method=GET Path=/api/v1/category SpendTime="%!d(float64=105) ms" Status=200
time="2022-01-09 14:30:26" level=info Agent="Mozilla/5.0 (Windows NT 10.0; Win64; x64) AppleWebKit/537.36 (KHTML, like Gecko) Chrome/96.0.4664.110 Safari/537.36" DataSize=994 HostName=LAPTOP-J60BJ9PH Ip="::1" Method=GET Path=/api/v1/category SpendTime="%!d(float64=4) ms" Status=200
time="2022-01-09 17:27:30" level=info Agent="Mozilla/5.0 (Windows NT 10.0; Win64; x64) AppleWebKit/537.36 (KHTML, like Gecko) Chrome/96.0.4664.110 Safari/537.36" DataSize=0 HostName=LAPTOP-J60BJ9PH Ip="::1" Method=OPTIONS Path=/api/v1/profile/1 SpendTime="%!d(float64=0) ms" Status=204
time="2022-01-09 17:27:30" level=error Agent="Mozilla/5.0 (Windows NT 10.0; Win64; x64) AppleWebKit/537.36 (KHTML, like Gecko) Chrome/96.0.4664.110 Safari/537.36" DataSize=0 HostName=LAPTOP-J60BJ9PH Ip="::1" Method=PUT Path=/api/v1/profile/1 SpendTime="%!d(float64=3) ms" Status=500
time="2022-01-09 17:31:11" level=info Agent="Mozilla/5.0 (Windows NT 10.0; Win64; x64) AppleWebKit/537.36 (KHTML, like Gecko) Chrome/96.0.4664.110 Safari/537.36" DataSize=994 HostName=LAPTOP-J60BJ9PH Ip="::1" Method=GET Path=/api/v1/category SpendTime="%!d(float64=9) ms" Status=200
time="2022-01-09 17:31:11" level=info Agent="Mozilla/5.0 (Windows NT 10.0; Win64; x64) AppleWebKit/537.36 (KHTML, like Gecko) Chrome/96.0.4664.110 Safari/537.36" DataSize=161 HostName=LAPTOP-J60BJ9PH Ip="::1" Method=GET Path=/api/v1/profile/1 SpendTime="%!d(float64=3) ms" Status=200
time="2022-01-09 17:31:19" level=error Agent="Mozilla/5.0 (Windows NT 10.0; Win64; x64) AppleWebKit/537.36 (KHTML, like Gecko) Chrome/96.0.4664.110 Safari/537.36" DataSize=0 HostName=LAPTOP-J60BJ9PH Ip="::1" Method=PUT Path=/api/v1/profile/1 SpendTime="%!d(float64=4) ms" Status=500
time="2022-01-09 17:32:48" level=info Agent="Mozilla/5.0 (Windows NT 10.0; Win64; x64) AppleWebKit/537.36 (KHTML, like Gecko) Chrome/96.0.4664.110 Safari/537.36" DataSize=994 HostName=LAPTOP-J60BJ9PH Ip="::1" Method=GET Path=/api/v1/category SpendTime="%!d(float64=5) ms" Status=200
time="2022-01-09 17:32:48" level=info Agent="Mozilla/5.0 (Windows NT 10.0; Win64; x64) AppleWebKit/537.36 (KHTML, like Gecko) Chrome/96.0.4664.110 Safari/537.36" DataSize=161 HostName=LAPTOP-J60BJ9PH Ip="::1" Method=GET Path=/api/v1/profile/1 SpendTime="%!d(float64=2) ms" Status=200
time="2022-01-09 17:34:59" level=info Agent="Mozilla/5.0 (Windows NT 10.0; Win64; x64) AppleWebKit/537.36 (KHTML, like Gecko) Chrome/96.0.4664.110 Safari/537.36" DataSize=994 HostName=LAPTOP-J60BJ9PH Ip="::1" Method=GET Path=/api/v1/category SpendTime="%!d(float64=6) ms" Status=200
time="2022-01-09 17:34:59" level=info Agent="Mozilla/5.0 (Windows NT 10.0; Win64; x64) AppleWebKit/537.36 (KHTML, like Gecko) Chrome/96.0.4664.110 Safari/537.36" DataSize=161 HostName=LAPTOP-J60BJ9PH Ip="::1" Method=GET Path=/api/v1/profile/1 SpendTime="%!d(float64=2) ms" Status=200
time="2022-01-09 17:40:02" level=info Agent="Mozilla/5.0 (Windows NT 10.0; Win64; x64) AppleWebKit/537.36 (KHTML, like Gecko) Chrome/96.0.4664.110 Safari/537.36" DataSize=994 HostName=LAPTOP-J60BJ9PH Ip="::1" Method=GET Path=/api/v1/category SpendTime="%!d(float64=5) ms" Status=200
time="2022-01-09 17:40:02" level=info Agent="Mozilla/5.0 (Windows NT 10.0; Win64; x64) AppleWebKit/537.36 (KHTML, like Gecko) Chrome/96.0.4664.110 Safari/537.36" DataSize=161 HostName=LAPTOP-J60BJ9PH Ip="::1" Method=GET Path=/api/v1/profile/1 SpendTime="%!d(float64=2) ms" Status=200
time="2022-01-09 17:41:40" level=info Agent="Mozilla/5.0 (Windows NT 10.0; Win64; x64) AppleWebKit/537.36 (KHTML, like Gecko) Chrome/96.0.4664.110 Safari/537.36" DataSize=994 HostName=LAPTOP-J60BJ9PH Ip="::1" Method=GET Path=/api/v1/category SpendTime="%!d(float64=5) ms" Status=200
time="2022-01-09 17:41:40" level=info Agent="Mozilla/5.0 (Windows NT 10.0; Win64; x64) AppleWebKit/537.36 (KHTML, like Gecko) Chrome/96.0.4664.110 Safari/537.36" DataSize=161 HostName=LAPTOP-J60BJ9PH Ip="::1" Method=GET Path=/api/v1/profile/1 SpendTime="%!d(float64=2) ms" Status=200
time="2022-01-09 17:46:24" level=info Agent="Mozilla/5.0 (Windows NT 10.0; Win64; x64) AppleWebKit/537.36 (KHTML, like Gecko) Chrome/96.0.4664.110 Safari/537.36" DataSize=994 HostName=LAPTOP-J60BJ9PH Ip="::1" Method=GET Path=/api/v1/category SpendTime="%!d(float64=5) ms" Status=200
time="2022-01-09 17:46:24" level=info Agent="Mozilla/5.0 (Windows NT 10.0; Win64; x64) AppleWebKit/537.36 (KHTML, like Gecko) Chrome/96.0.4664.110 Safari/537.36" DataSize=161 HostName=LAPTOP-J60BJ9PH Ip="::1" Method=GET Path=/api/v1/profile/1 SpendTime="%!d(float64=2) ms" Status=200
time="2022-01-09 17:48:41" level=info Agent="Mozilla/5.0 (Windows NT 10.0; Win64; x64) AppleWebKit/537.36 (KHTML, like Gecko) Chrome/96.0.4664.110 Safari/537.36" DataSize=994 HostName=LAPTOP-J60BJ9PH Ip="::1" Method=GET Path=/api/v1/category SpendTime="%!d(float64=4) ms" Status=200
time="2022-01-09 17:48:41" level=info Agent="Mozilla/5.0 (Windows NT 10.0; Win64; x64) AppleWebKit/537.36 (KHTML, like Gecko) Chrome/96.0.4664.110 Safari/537.36" DataSize=161 HostName=LAPTOP-J60BJ9PH Ip="::1" Method=GET Path=/api/v1/profile/1 SpendTime="%!d(float64=3) ms" Status=200
time="2022-01-09 17:50:25" level=info Agent="Mozilla/5.0 (Windows NT 10.0; Win64; x64) AppleWebKit/537.36 (KHTML, like Gecko) Chrome/96.0.4664.110 Safari/537.36" DataSize=994 HostName=LAPTOP-J60BJ9PH Ip="::1" Method=GET Path=/api/v1/category SpendTime="%!d(float64=4) ms" Status=200
time="2022-01-09 17:50:25" level=info Agent="Mozilla/5.0 (Windows NT 10.0; Win64; x64) AppleWebKit/537.36 (KHTML, like Gecko) Chrome/96.0.4664.110 Safari/537.36" DataSize=161 HostName=LAPTOP-J60BJ9PH Ip="::1" Method=GET Path=/api/v1/profile/1 SpendTime="%!d(float64=1) ms" Status=200
time="2022-01-09 17:51:58" level=info Agent="Mozilla/5.0 (Windows NT 10.0; Win64; x64) AppleWebKit/537.36 (KHTML, like Gecko) Chrome/96.0.4664.110 Safari/537.36" DataSize=994 HostName=LAPTOP-J60BJ9PH Ip="::1" Method=GET Path=/api/v1/category SpendTime="%!d(float64=3) ms" Status=200
time="2022-01-09 17:51:58" level=info Agent="Mozilla/5.0 (Windows NT 10.0; Win64; x64) AppleWebKit/537.36 (KHTML, like Gecko) Chrome/96.0.4664.110 Safari/537.36" DataSize=161 HostName=LAPTOP-J60BJ9PH Ip="::1" Method=GET Path=/api/v1/profile/1 SpendTime="%!d(float64=2) ms" Status=200
time="2022-01-09 17:52:22" level=info Agent="Mozilla/5.0 (Windows NT 10.0; Win64; x64) AppleWebKit/537.36 (KHTML, like Gecko) Chrome/96.0.4664.110 Safari/537.36" DataSize=994 HostName=LAPTOP-J60BJ9PH Ip="::1" Method=GET Path=/api/v1/category SpendTime="%!d(float64=3) ms" Status=200
time="2022-01-09 17:52:22" level=info Agent="Mozilla/5.0 (Windows NT 10.0; Win64; x64) AppleWebKit/537.36 (KHTML, like Gecko) Chrome/96.0.4664.110 Safari/537.36" DataSize=161 HostName=LAPTOP-J60BJ9PH Ip="::1" Method=GET Path=/api/v1/profile/1 SpendTime="%!d(float64=2) ms" Status=200
time="2022-01-09 17:53:45" level=info Agent="Mozilla/5.0 (Windows NT 10.0; Win64; x64) AppleWebKit/537.36 (KHTML, like Gecko) Chrome/96.0.4664.110 Safari/537.36" DataSize=994 HostName=LAPTOP-J60BJ9PH Ip="::1" Method=GET Path=/api/v1/category SpendTime="%!d(float64=3) ms" Status=200
time="2022-01-09 17:53:45" level=info Agent="Mozilla/5.0 (Windows NT 10.0; Win64; x64) AppleWebKit/537.36 (KHTML, like Gecko) Chrome/96.0.4664.110 Safari/537.36" DataSize=161 HostName=LAPTOP-J60BJ9PH Ip="::1" Method=GET Path=/api/v1/profile/1 SpendTime="%!d(float64=1) ms" Status=200
time="2022-01-09 17:57:26" level=info Agent="Mozilla/5.0 (Windows NT 10.0; Win64; x64) AppleWebKit/537.36 (KHTML, like Gecko) Chrome/96.0.4664.110 Safari/537.36" DataSize=994 HostName=LAPTOP-J60BJ9PH Ip="::1" Method=GET Path=/api/v1/category SpendTime="%!d(float64=3) ms" Status=200
time="2022-01-09 17:57:26" level=info Agent="Mozilla/5.0 (Windows NT 10.0; Win64; x64) AppleWebKit/537.36 (KHTML, like Gecko) Chrome/96.0.4664.110 Safari/537.36" DataSize=161 HostName=LAPTOP-J60BJ9PH Ip="::1" Method=GET Path=/api/v1/profile/1 SpendTime="%!d(float64=1) ms" Status=200
time="2022-01-09 17:57:38" level=info Agent="Mozilla/5.0 (Windows NT 10.0; Win64; x64) AppleWebKit/537.36 (KHTML, like Gecko) Chrome/96.0.4664.110 Safari/537.36" DataSize=994 HostName=LAPTOP-J60BJ9PH Ip="::1" Method=GET Path=/api/v1/category SpendTime="%!d(float64=3) ms" Status=200
time="2022-01-09 17:57:38" level=info Agent="Mozilla/5.0 (Windows NT 10.0; Win64; x64) AppleWebKit/537.36 (KHTML, like Gecko) Chrome/96.0.4664.110 Safari/537.36" DataSize=161 HostName=LAPTOP-J60BJ9PH Ip="::1" Method=GET Path=/api/v1/profile/1 SpendTime="%!d(float64=2) ms" Status=200
time="2022-01-09 20:19:51" level=info Agent="Mozilla/5.0 (Windows NT 10.0; Win64; x64) AppleWebKit/537.36 (KHTML, like Gecko) Chrome/96.0.4664.110 Safari/537.36" DataSize=994 HostName=LAPTOP-J60BJ9PH Ip="::1" Method=GET Path=/api/v1/category SpendTime="%!d(float64=3) ms" Status=200
time="2022-01-09 20:19:51" level=info Agent="Mozilla/5.0 (Windows NT 10.0; Win64; x64) AppleWebKit/537.36 (KHTML, like Gecko) Chrome/96.0.4664.110 Safari/537.36" DataSize=161 HostName=LAPTOP-J60BJ9PH Ip="::1" Method=GET Path=/api/v1/profile/1 SpendTime="%!d(float64=2) ms" Status=200
time="2022-01-09 20:21:34" level=info Agent="Mozilla/5.0 (Windows NT 10.0; Win64; x64) AppleWebKit/537.36 (KHTML, like Gecko) Chrome/96.0.4664.110 Safari/537.36" DataSize=994 HostName=LAPTOP-J60BJ9PH Ip="::1" Method=GET Path=/api/v1/category SpendTime="%!d(float64=4) ms" Status=200
time="2022-01-09 20:21:34" level=info Agent="Mozilla/5.0 (Windows NT 10.0; Win64; x64) AppleWebKit/537.36 (KHTML, like Gecko) Chrome/96.0.4664.110 Safari/537.36" DataSize=161 HostName=LAPTOP-J60BJ9PH Ip="::1" Method=GET Path=/api/v1/profile/1 SpendTime="%!d(float64=2) ms" Status=200
time="2022-01-09 20:21:34" level=info Agent="Mozilla/5.0 (Windows NT 10.0; Win64; x64) AppleWebKit/537.36 (KHTML, like Gecko) Chrome/96.0.4664.110 Safari/537.36" DataSize=1792 HostName=LAPTOP-J60BJ9PH Ip="::1" Method=GET Path="/api/v1/article?pagesize=5" SpendTime="%!d(float64=4) ms" Status=200
time="2022-01-09 21:01:34" level=info Agent="Mozilla/5.0 (Windows NT 10.0; Win64; x64) AppleWebKit/537.36 (KHTML, like Gecko) Chrome/96.0.4664.110 Safari/537.36" DataSize=994 HostName=LAPTOP-J60BJ9PH Ip="::1" Method=GET Path=/api/v1/category SpendTime="%!d(float64=3) ms" Status=200
time="2022-01-09 21:01:34" level=info Agent="Mozilla/5.0 (Windows NT 10.0; Win64; x64) AppleWebKit/537.36 (KHTML, like Gecko) Chrome/96.0.4664.110 Safari/537.36" DataSize=161 HostName=LAPTOP-J60BJ9PH Ip="::1" Method=GET Path=/api/v1/profile/1 SpendTime="%!d(float64=2) ms" Status=200
time="2022-01-09 21:01:34" level=info Agent="Mozilla/5.0 (Windows NT 10.0; Win64; x64) AppleWebKit/537.36 (KHTML, like Gecko) Chrome/96.0.4664.110 Safari/537.36" DataSize=1792 HostName=LAPTOP-J60BJ9PH Ip="::1" Method=GET Path="/api/v1/article?pagesize=5&pagenum=1" SpendTime="%!d(float64=4) ms" Status=200
time="2022-01-09 21:02:57" level=info Agent="Mozilla/5.0 (Windows NT 10.0; Win64; x64) AppleWebKit/537.36 (KHTML, like Gecko) Chrome/96.0.4664.110 Safari/537.36" DataSize=994 HostName=LAPTOP-J60BJ9PH Ip="::1" Method=GET Path=/api/v1/category SpendTime="%!d(float64=3) ms" Status=200
time="2022-01-09 21:02:57" level=info Agent="Mozilla/5.0 (Windows NT 10.0; Win64; x64) AppleWebKit/537.36 (KHTML, like Gecko) Chrome/96.0.4664.110 Safari/537.36" DataSize=161 HostName=LAPTOP-J60BJ9PH Ip="::1" Method=GET Path=/api/v1/profile/1 SpendTime="%!d(float64=1) ms" Status=200
time="2022-01-09 21:02:57" level=info Agent="Mozilla/5.0 (Windows NT 10.0; Win64; x64) AppleWebKit/537.36 (KHTML, like Gecko) Chrome/96.0.4664.110 Safari/537.36" DataSize=1792 HostName=LAPTOP-J60BJ9PH Ip="::1" Method=GET Path="/api/v1/article?pagesize=5&pagenum=1" SpendTime="%!d(float64=2) ms" Status=200
time="2022-01-09 21:03:54" level=info Agent="Mozilla/5.0 (Windows NT 10.0; Win64; x64) AppleWebKit/537.36 (KHTML, like Gecko) Chrome/96.0.4664.110 Safari/537.36" DataSize=994 HostName=LAPTOP-J60BJ9PH Ip="::1" Method=GET Path=/api/v1/category SpendTime="%!d(float64=3) ms" Status=200
time="2022-01-09 21:03:54" level=info Agent="Mozilla/5.0 (Windows NT 10.0; Win64; x64) AppleWebKit/537.36 (KHTML, like Gecko) Chrome/96.0.4664.110 Safari/537.36" DataSize=161 HostName=LAPTOP-J60BJ9PH Ip="::1" Method=GET Path=/api/v1/profile/1 SpendTime="%!d(float64=2) ms" Status=200
time="2022-01-09 21:03:54" level=info Agent="Mozilla/5.0 (Windows NT 10.0; Win64; x64) AppleWebKit/537.36 (KHTML, like Gecko) Chrome/96.0.4664.110 Safari/537.36" DataSize=1792 HostName=LAPTOP-J60BJ9PH Ip="::1" Method=GET Path="/api/v1/article?pagesize=5&pagenum=1" SpendTime="%!d(float64=2) ms" Status=200
time="2022-01-09 21:08:04" level=info Agent="Mozilla/5.0 (Windows NT 10.0; Win64; x64) AppleWebKit/537.36 (KHTML, like Gecko) Chrome/96.0.4664.110 Safari/537.36" DataSize=994 HostName=LAPTOP-J60BJ9PH Ip="::1" Method=GET Path=/api/v1/category SpendTime="%!d(float64=3) ms" Status=200
time="2022-01-09 21:08:04" level=info Agent="Mozilla/5.0 (Windows NT 10.0; Win64; x64) AppleWebKit/537.36 (KHTML, like Gecko) Chrome/96.0.4664.110 Safari/537.36" DataSize=161 HostName=LAPTOP-J60BJ9PH Ip="::1" Method=GET Path=/api/v1/profile/1 SpendTime="%!d(float64=1) ms" Status=200
time="2022-01-09 21:08:04" level=info Agent="Mozilla/5.0 (Windows NT 10.0; Win64; x64) AppleWebKit/537.36 (KHTML, like Gecko) Chrome/96.0.4664.110 Safari/537.36" DataSize=1792 HostName=LAPTOP-J60BJ9PH Ip="::1" Method=GET Path="/api/v1/article?pagesize=5&pagenum=1" SpendTime="%!d(float64=2) ms" Status=200
time="2022-01-09 21:08:06" level=info Agent="Mozilla/5.0 (Windows NT 10.0; Win64; x64) AppleWebKit/537.36 (KHTML, like Gecko) Chrome/96.0.4664.110 Safari/537.36" DataSize=1792 HostName=LAPTOP-J60BJ9PH Ip="::1" Method=GET Path="/api/v1/article?pagesize=5&pagenum=2" SpendTime="%!d(float64=2) ms" Status=200
time="2022-01-09 21:08:07" level=info Agent="Mozilla/5.0 (Windows NT 10.0; Win64; x64) AppleWebKit/537.36 (KHTML, like Gecko) Chrome/96.0.4664.110 Safari/537.36" DataSize=1792 HostName=LAPTOP-J60BJ9PH Ip="::1" Method=GET Path="/api/v1/article?pagesize=5&pagenum=1" SpendTime="%!d(float64=2) ms" Status=200
time="2022-01-09 21:08:11" level=info Agent="Mozilla/5.0 (Windows NT 10.0; Win64; x64) AppleWebKit/537.36 (KHTML, like Gecko) Chrome/96.0.4664.110 Safari/537.36" DataSize=1792 HostName=LAPTOP-J60BJ9PH Ip="::1" Method=GET Path="/api/v1/article?pagesize=5&pagenum=2" SpendTime="%!d(float64=3) ms" Status=200
time="2022-01-09 21:09:50" level=info Agent="Mozilla/5.0 (Windows NT 10.0; Win64; x64) AppleWebKit/537.36 (KHTML, like Gecko) Chrome/96.0.4664.110 Safari/537.36" DataSize=994 HostName=LAPTOP-J60BJ9PH Ip="::1" Method=GET Path=/api/v1/category SpendTime="%!d(float64=3) ms" Status=200
time="2022-01-09 21:09:51" level=info Agent="Mozilla/5.0 (Windows NT 10.0; Win64; x64) AppleWebKit/537.36 (KHTML, like Gecko) Chrome/96.0.4664.110 Safari/537.36" DataSize=161 HostName=LAPTOP-J60BJ9PH Ip="::1" Method=GET Path=/api/v1/profile/1 SpendTime="%!d(float64=2) ms" Status=200
time="2022-01-09 21:09:51" level=info Agent="Mozilla/5.0 (Windows NT 10.0; Win64; x64) AppleWebKit/537.36 (KHTML, like Gecko) Chrome/96.0.4664.110 Safari/537.36" DataSize=1792 HostName=LAPTOP-J60BJ9PH Ip="::1" Method=GET Path="/api/v1/article?pagesize=5&pagenum=1" SpendTime="%!d(float64=2) ms" Status=200
time="2022-01-09 21:11:54" level=info Agent="Mozilla/5.0 (Windows NT 10.0; Win64; x64) AppleWebKit/537.36 (KHTML, like Gecko) Chrome/96.0.4664.110 Safari/537.36" DataSize=994 HostName=LAPTOP-J60BJ9PH Ip="::1" Method=GET Path=/api/v1/category SpendTime="%!d(float64=3) ms" Status=200
time="2022-01-09 21:11:54" level=info Agent="Mozilla/5.0 (Windows NT 10.0; Win64; x64) AppleWebKit/537.36 (KHTML, like Gecko) Chrome/96.0.4664.110 Safari/537.36" DataSize=161 HostName=LAPTOP-J60BJ9PH Ip="::1" Method=GET Path=/api/v1/profile/1 SpendTime="%!d(float64=1) ms" Status=200
time="2022-01-09 21:11:54" level=info Agent="Mozilla/5.0 (Windows NT 10.0; Win64; x64) AppleWebKit/537.36 (KHTML, like Gecko) Chrome/96.0.4664.110 Safari/537.36" DataSize=1792 HostName=LAPTOP-J60BJ9PH Ip="::1" Method=GET Path="/api/v1/article?pagesize=5&pagenum=1" SpendTime="%!d(float64=2) ms" Status=200
time="2022-01-09 21:12:01" level=info Agent="Mozilla/5.0 (Windows NT 10.0; Win64; x64) AppleWebKit/537.36 (KHTML, like Gecko) Chrome/96.0.4664.110 Safari/537.36" DataSize=1792 HostName=LAPTOP-J60BJ9PH Ip="::1" Method=GET Path="/api/v1/article?pagesize=5&pagenum=2" SpendTime="%!d(float64=1) ms" Status=200
time="2022-01-09 21:12:02" level=info Agent="Mozilla/5.0 (Windows NT 10.0; Win64; x64) AppleWebKit/537.36 (KHTML, like Gecko) Chrome/96.0.4664.110 Safari/537.36" DataSize=1792 HostName=LAPTOP-J60BJ9PH Ip="::1" Method=GET Path="/api/v1/article?pagesize=5&pagenum=1" SpendTime="%!d(float64=2) ms" Status=200
time="2022-01-09 21:13:59" level=info Agent="Mozilla/5.0 (Windows NT 10.0; Win64; x64) AppleWebKit/537.36 (KHTML, like Gecko) Chrome/96.0.4664.110 Safari/537.36" DataSize=994 HostName=LAPTOP-J60BJ9PH Ip="::1" Method=GET Path=/api/v1/category SpendTime="%!d(float64=4) ms" Status=200
time="2022-01-09 21:13:59" level=info Agent="Mozilla/5.0 (Windows NT 10.0; Win64; x64) AppleWebKit/537.36 (KHTML, like Gecko) Chrome/96.0.4664.110 Safari/537.36" DataSize=161 HostName=LAPTOP-J60BJ9PH Ip="::1" Method=GET Path=/api/v1/profile/1 SpendTime="%!d(float64=2) ms" Status=200
time="2022-01-09 21:13:59" level=info Agent="Mozilla/5.0 (Windows NT 10.0; Win64; x64) AppleWebKit/537.36 (KHTML, like Gecko) Chrome/96.0.4664.110 Safari/537.36" DataSize=1792 HostName=LAPTOP-J60BJ9PH Ip="::1" Method=GET Path="/api/v1/article?pagesize=5&pagenum=1" SpendTime="%!d(float64=3) ms" Status=200
time="2022-01-09 21:16:21" level=info Agent="Mozilla/5.0 (Windows NT 10.0; Win64; x64) AppleWebKit/537.36 (KHTML, like Gecko) Chrome/96.0.4664.110 Safari/537.36" DataSize=994 HostName=LAPTOP-J60BJ9PH Ip="::1" Method=GET Path=/api/v1/category SpendTime="%!d(float64=4) ms" Status=200
time="2022-01-09 21:16:21" level=info Agent="Mozilla/5.0 (Windows NT 10.0; Win64; x64) AppleWebKit/537.36 (KHTML, like Gecko) Chrome/96.0.4664.110 Safari/537.36" DataSize=161 HostName=LAPTOP-J60BJ9PH Ip="::1" Method=GET Path=/api/v1/profile/1 SpendTime="%!d(float64=2) ms" Status=200
time="2022-01-09 21:16:21" level=info Agent="Mozilla/5.0 (Windows NT 10.0; Win64; x64) AppleWebKit/537.36 (KHTML, like Gecko) Chrome/96.0.4664.110 Safari/537.36" DataSize=1792 HostName=LAPTOP-J60BJ9PH Ip="::1" Method=GET Path="/api/v1/article?pagesize=5&pagenum=1" SpendTime="%!d(float64=2) ms" Status=200
time="2022-01-09 21:16:24" level=info Agent="Mozilla/5.0 (Windows NT 10.0; Win64; x64) AppleWebKit/537.36 (KHTML, like Gecko) Chrome/96.0.4664.110 Safari/537.36" DataSize=994 HostName=LAPTOP-J60BJ9PH Ip="::1" Method=GET Path=/api/v1/category SpendTime="%!d(float64=1) ms" Status=200
time="2022-01-09 21:16:24" level=info Agent="Mozilla/5.0 (Windows NT 10.0; Win64; x64) AppleWebKit/537.36 (KHTML, like Gecko) Chrome/96.0.4664.110 Safari/537.36" DataSize=161 HostName=LAPTOP-J60BJ9PH Ip="::1" Method=GET Path=/api/v1/profile/1 SpendTime="%!d(float64=1) ms" Status=200
time="2022-01-09 21:16:24" level=info Agent="Mozilla/5.0 (Windows NT 10.0; Win64; x64) AppleWebKit/537.36 (KHTML, like Gecko) Chrome/96.0.4664.110 Safari/537.36" DataSize=1792 HostName=LAPTOP-J60BJ9PH Ip="::1" Method=GET Path="/api/v1/article?pagesize=5&pagenum=1" SpendTime="%!d(float64=2) ms" Status=200
time="2022-01-09 21:16:27" level=info Agent="Mozilla/5.0 (Windows NT 10.0; Win64; x64) AppleWebKit/537.36 (KHTML, like Gecko) Chrome/96.0.4664.110 Safari/537.36" DataSize=994 HostName=LAPTOP-J60BJ9PH Ip="::1" Method=GET Path=/api/v1/category SpendTime="%!d(float64=0) ms" Status=200
time="2022-01-09 21:16:27" level=info Agent="Mozilla/5.0 (Windows NT 10.0; Win64; x64) AppleWebKit/537.36 (KHTML, like Gecko) Chrome/96.0.4664.110 Safari/537.36" DataSize=161 HostName=LAPTOP-J60BJ9PH Ip="::1" Method=GET Path=/api/v1/profile/1 SpendTime="%!d(float64=4) ms" Status=200
time="2022-01-09 21:16:27" level=info Agent="Mozilla/5.0 (Windows NT 10.0; Win64; x64) AppleWebKit/537.36 (KHTML, like Gecko) Chrome/96.0.4664.110 Safari/537.36" DataSize=1792 HostName=LAPTOP-J60BJ9PH Ip="::1" Method=GET Path="/api/v1/article?pagesize=5&pagenum=1" SpendTime="%!d(float64=2) ms" Status=200
time="2022-01-09 21:16:29" level=info Agent="Mozilla/5.0 (Windows NT 10.0; Win64; x64) AppleWebKit/537.36 (KHTML, like Gecko) Chrome/96.0.4664.110 Safari/537.36" DataSize=994 HostName=LAPTOP-J60BJ9PH Ip="::1" Method=GET Path=/api/v1/category SpendTime="%!d(float64=2) ms" Status=200
time="2022-01-09 21:16:29" level=info Agent="Mozilla/5.0 (Windows NT 10.0; Win64; x64) AppleWebKit/537.36 (KHTML, like Gecko) Chrome/96.0.4664.110 Safari/537.36" DataSize=161 HostName=LAPTOP-J60BJ9PH Ip="::1" Method=GET Path=/api/v1/profile/1 SpendTime="%!d(float64=1) ms" Status=200
time="2022-01-09 21:16:29" level=info Agent="Mozilla/5.0 (Windows NT 10.0; Win64; x64) AppleWebKit/537.36 (KHTML, like Gecko) Chrome/96.0.4664.110 Safari/537.36" DataSize=1792 HostName=LAPTOP-J60BJ9PH Ip="::1" Method=GET Path="/api/v1/article?pagesize=5&pagenum=1" SpendTime="%!d(float64=2) ms" Status=200
time="2022-01-09 21:22:02" level=info Agent="Mozilla/5.0 (Windows NT 10.0; Win64; x64) AppleWebKit/537.36 (KHTML, like Gecko) Chrome/96.0.4664.110 Safari/537.36" DataSize=994 HostName=LAPTOP-J60BJ9PH Ip="::1" Method=GET Path=/api/v1/category SpendTime="%!d(float64=4) ms" Status=200
time="2022-01-09 21:22:02" level=info Agent="Mozilla/5.0 (Windows NT 10.0; Win64; x64) AppleWebKit/537.36 (KHTML, like Gecko) Chrome/96.0.4664.110 Safari/537.36" DataSize=161 HostName=LAPTOP-J60BJ9PH Ip="::1" Method=GET Path=/api/v1/profile/1 SpendTime="%!d(float64=1) ms" Status=200
time="2022-01-09 21:22:02" level=info Agent="Mozilla/5.0 (Windows NT 10.0; Win64; x64) AppleWebKit/537.36 (KHTML, like Gecko) Chrome/96.0.4664.110 Safari/537.36" DataSize=1792 HostName=LAPTOP-J60BJ9PH Ip="::1" Method=GET Path="/api/v1/article?pagesize=5&pagenum=1" SpendTime="%!d(float64=1) ms" Status=200
time="2022-01-09 21:22:05" level=info Agent="Mozilla/5.0 (Windows NT 10.0; Win64; x64) AppleWebKit/537.36 (KHTML, like Gecko) Chrome/96.0.4664.110 Safari/537.36" DataSize=994 HostName=LAPTOP-J60BJ9PH Ip="::1" Method=GET Path=/api/v1/category SpendTime="%!d(float64=0) ms" Status=200
time="2022-01-09 21:22:05" level=info Agent="Mozilla/5.0 (Windows NT 10.0; Win64; x64) AppleWebKit/537.36 (KHTML, like Gecko) Chrome/96.0.4664.110 Safari/537.36" DataSize=161 HostName=LAPTOP-J60BJ9PH Ip="::1" Method=GET Path=/api/v1/profile/1 SpendTime="%!d(float64=4) ms" Status=200
time="2022-01-09 21:22:05" level=info Agent="Mozilla/5.0 (Windows NT 10.0; Win64; x64) AppleWebKit/537.36 (KHTML, like Gecko) Chrome/96.0.4664.110 Safari/537.36" DataSize=1792 HostName=LAPTOP-J60BJ9PH Ip="::1" Method=GET Path="/api/v1/article?pagesize=5&pagenum=1" SpendTime="%!d(float64=2) ms" Status=200
time="2022-01-09 21:22:14" level=info Agent="Mozilla/5.0 (Windows NT 10.0; Win64; x64) AppleWebKit/537.36 (KHTML, like Gecko) Chrome/96.0.4664.110 Safari/537.36" DataSize=994 HostName=LAPTOP-J60BJ9PH Ip="::1" Method=GET Path=/api/v1/category SpendTime="%!d(float64=1) ms" Status=200
time="2022-01-09 21:22:14" level=info Agent="Mozilla/5.0 (Windows NT 10.0; Win64; x64) AppleWebKit/537.36 (KHTML, like Gecko) Chrome/96.0.4664.110 Safari/537.36" DataSize=161 HostName=LAPTOP-J60BJ9PH Ip="::1" Method=GET Path=/api/v1/profile/1 SpendTime="%!d(float64=2) ms" Status=200
time="2022-01-09 21:22:14" level=info Agent="Mozilla/5.0 (Windows NT 10.0; Win64; x64) AppleWebKit/537.36 (KHTML, like Gecko) Chrome/96.0.4664.110 Safari/537.36" DataSize=1792 HostName=LAPTOP-J60BJ9PH Ip="::1" Method=GET Path="/api/v1/article?pagesize=5&pagenum=1" SpendTime="%!d(float64=2) ms" Status=200
time="2022-01-09 21:23:12" level=info Agent="Mozilla/5.0 (Windows NT 10.0; Win64; x64) AppleWebKit/537.36 (KHTML, like Gecko) Chrome/96.0.4664.110 Safari/537.36" DataSize=994 HostName=LAPTOP-J60BJ9PH Ip="::1" Method=GET Path=/api/v1/category SpendTime="%!d(float64=4) ms" Status=200
time="2022-01-09 21:23:12" level=info Agent="Mozilla/5.0 (Windows NT 10.0; Win64; x64) AppleWebKit/537.36 (KHTML, like Gecko) Chrome/96.0.4664.110 Safari/537.36" DataSize=161 HostName=LAPTOP-J60BJ9PH Ip="::1" Method=GET Path=/api/v1/profile/1 SpendTime="%!d(float64=0) ms" Status=200
time="2022-01-09 21:23:12" level=info Agent="Mozilla/5.0 (Windows NT 10.0; Win64; x64) AppleWebKit/537.36 (KHTML, like Gecko) Chrome/96.0.4664.110 Safari/537.36" DataSize=1792 HostName=LAPTOP-J60BJ9PH Ip="::1" Method=GET Path="/api/v1/article?pagesize=5&pagenum=1" SpendTime="%!d(float64=3) ms" Status=200
time="2022-01-09 21:32:29" level=info Agent="Mozilla/5.0 (Windows NT 10.0; Win64; x64) AppleWebKit/537.36 (KHTML, like Gecko) Chrome/96.0.4664.110 Safari/537.36" DataSize=994 HostName=LAPTOP-J60BJ9PH Ip="::1" Method=GET Path=/api/v1/category SpendTime="%!d(float64=3) ms" Status=200
time="2022-01-09 21:32:29" level=info Agent="Mozilla/5.0 (Windows NT 10.0; Win64; x64) AppleWebKit/537.36 (KHTML, like Gecko) Chrome/96.0.4664.110 Safari/537.36" DataSize=161 HostName=LAPTOP-J60BJ9PH Ip="::1" Method=GET Path=/api/v1/profile/1 SpendTime="%!d(float64=2) ms" Status=200
time="2022-01-09 21:32:29" level=info Agent="Mozilla/5.0 (Windows NT 10.0; Win64; x64) AppleWebKit/537.36 (KHTML, like Gecko) Chrome/96.0.4664.110 Safari/537.36" DataSize=325 HostName=LAPTOP-J60BJ9PH Ip="::1" Method=GET Path=/api/v1/article/info/2 SpendTime="%!d(float64=3) ms" Status=200
time="2022-01-09 21:32:35" level=info Agent="Mozilla/5.0 (Windows NT 10.0; Win64; x64) AppleWebKit/537.36 (KHTML, like Gecko) Chrome/96.0.4664.110 Safari/537.36" DataSize=994 HostName=LAPTOP-J60BJ9PH Ip="::1" Method=GET Path=/api/v1/category SpendTime="%!d(float64=1) ms" Status=200
time="2022-01-09 21:32:35" level=info Agent="Mozilla/5.0 (Windows NT 10.0; Win64; x64) AppleWebKit/537.36 (KHTML, like Gecko) Chrome/96.0.4664.110 Safari/537.36" DataSize=161 HostName=LAPTOP-J60BJ9PH Ip="::1" Method=GET Path=/api/v1/profile/1 SpendTime="%!d(float64=1) ms" Status=200
time="2022-01-09 21:32:35" level=info Agent="Mozilla/5.0 (Windows NT 10.0; Win64; x64) AppleWebKit/537.36 (KHTML, like Gecko) Chrome/96.0.4664.110 Safari/537.36" DataSize=325 HostName=LAPTOP-J60BJ9PH Ip="::1" Method=GET Path=/api/v1/article/info/2 SpendTime="%!d(float64=1) ms" Status=200
time="2022-01-09 21:34:48" level=info Agent="Mozilla/5.0 (Windows NT 10.0; Win64; x64) AppleWebKit/537.36 (KHTML, like Gecko) Chrome/96.0.4664.110 Safari/537.36" DataSize=994 HostName=LAPTOP-J60BJ9PH Ip="::1" Method=GET Path=/api/v1/category SpendTime="%!d(float64=4) ms" Status=200
time="2022-01-09 21:34:48" level=info Agent="Mozilla/5.0 (Windows NT 10.0; Win64; x64) AppleWebKit/537.36 (KHTML, like Gecko) Chrome/96.0.4664.110 Safari/537.36" DataSize=161 HostName=LAPTOP-J60BJ9PH Ip="::1" Method=GET Path=/api/v1/profile/1 SpendTime="%!d(float64=2) ms" Status=200
time="2022-01-09 21:34:48" level=info Agent="Mozilla/5.0 (Windows NT 10.0; Win64; x64) AppleWebKit/537.36 (KHTML, like Gecko) Chrome/96.0.4664.110 Safari/537.36" DataSize=325 HostName=LAPTOP-J60BJ9PH Ip="::1" Method=GET Path=/api/v1/article/info/2 SpendTime="%!d(float64=1) ms" Status=200
time="2022-01-09 21:37:47" level=info Agent="Mozilla/5.0 (Windows NT 10.0; Win64; x64) AppleWebKit/537.36 (KHTML, like Gecko) Chrome/96.0.4664.110 Safari/537.36" DataSize=994 HostName=LAPTOP-J60BJ9PH Ip="::1" Method=GET Path=/api/v1/category SpendTime="%!d(float64=4) ms" Status=200
time="2022-01-09 21:37:47" level=info Agent="Mozilla/5.0 (Windows NT 10.0; Win64; x64) AppleWebKit/537.36 (KHTML, like Gecko) Chrome/96.0.4664.110 Safari/537.36" DataSize=161 HostName=LAPTOP-J60BJ9PH Ip="::1" Method=GET Path=/api/v1/profile/1 SpendTime="%!d(float64=2) ms" Status=200
time="2022-01-09 21:37:47" level=info Agent="Mozilla/5.0 (Windows NT 10.0; Win64; x64) AppleWebKit/537.36 (KHTML, like Gecko) Chrome/96.0.4664.110 Safari/537.36" DataSize=325 HostName=LAPTOP-J60BJ9PH Ip="::1" Method=GET Path=/api/v1/article/info/2 SpendTime="%!d(float64=2) ms" Status=200
time="2022-01-09 21:40:26" level=info Agent="Mozilla/5.0 (Windows NT 10.0; Win64; x64) AppleWebKit/537.36 (KHTML, like Gecko) Chrome/96.0.4664.110 Safari/537.36" DataSize=994 HostName=LAPTOP-J60BJ9PH Ip="::1" Method=GET Path=/api/v1/category SpendTime="%!d(float64=5) ms" Status=200
time="2022-01-09 21:40:26" level=info Agent="Mozilla/5.0 (Windows NT 10.0; Win64; x64) AppleWebKit/537.36 (KHTML, like Gecko) Chrome/96.0.4664.110 Safari/537.36" DataSize=161 HostName=LAPTOP-J60BJ9PH Ip="::1" Method=GET Path=/api/v1/profile/1 SpendTime="%!d(float64=2) ms" Status=200
time="2022-01-09 21:40:26" level=info Agent="Mozilla/5.0 (Windows NT 10.0; Win64; x64) AppleWebKit/537.36 (KHTML, like Gecko) Chrome/96.0.4664.110 Safari/537.36" DataSize=325 HostName=LAPTOP-J60BJ9PH Ip="::1" Method=GET Path=/api/v1/article/info/2 SpendTime="%!d(float64=1) ms" Status=200
time="2022-01-09 21:47:04" level=info Agent="Mozilla/5.0 (Windows NT 10.0; Win64; x64) AppleWebKit/537.36 (KHTML, like Gecko) Chrome/96.0.4664.110 Safari/537.36" DataSize=994 HostName=LAPTOP-J60BJ9PH Ip="::1" Method=GET Path=/api/v1/category SpendTime="%!d(float64=3) ms" Status=200
time="2022-01-09 21:47:04" level=info Agent="Mozilla/5.0 (Windows NT 10.0; Win64; x64) AppleWebKit/537.36 (KHTML, like Gecko) Chrome/96.0.4664.110 Safari/537.36" DataSize=161 HostName=LAPTOP-J60BJ9PH Ip="::1" Method=GET Path=/api/v1/profile/1 SpendTime="%!d(float64=2) ms" Status=200
time="2022-01-09 21:47:04" level=info Agent="Mozilla/5.0 (Windows NT 10.0; Win64; x64) AppleWebKit/537.36 (KHTML, like Gecko) Chrome/96.0.4664.110 Safari/537.36" DataSize=325 HostName=LAPTOP-J60BJ9PH Ip="::1" Method=GET Path=/api/v1/article/info/2 SpendTime="%!d(float64=2) ms" Status=200
time="2022-01-09 21:47:16" level=info Agent="Mozilla/5.0 (Windows NT 10.0; Win64; x64) AppleWebKit/537.36 (KHTML, like Gecko) Chrome/96.0.4664.110 Safari/537.36" DataSize=994 HostName=LAPTOP-J60BJ9PH Ip="::1" Method=GET Path=/api/v1/category SpendTime="%!d(float64=4) ms" Status=200
time="2022-01-09 21:47:16" level=info Agent="Mozilla/5.0 (Windows NT 10.0; Win64; x64) AppleWebKit/537.36 (KHTML, like Gecko) Chrome/96.0.4664.110 Safari/537.36" DataSize=161 HostName=LAPTOP-J60BJ9PH Ip="::1" Method=GET Path=/api/v1/profile/1 SpendTime="%!d(float64=2) ms" Status=200
time="2022-01-09 21:47:16" level=info Agent="Mozilla/5.0 (Windows NT 10.0; Win64; x64) AppleWebKit/537.36 (KHTML, like Gecko) Chrome/96.0.4664.110 Safari/537.36" DataSize=1792 HostName=LAPTOP-J60BJ9PH Ip="::1" Method=GET Path="/api/v1/article?pagesize=5&pagenum=1" SpendTime="%!d(float64=2) ms" Status=200
time="2022-01-09 21:47:18" level=info Agent="Mozilla/5.0 (Windows NT 10.0; Win64; x64) AppleWebKit/537.36 (KHTML, like Gecko) Chrome/96.0.4664.110 Safari/537.36" DataSize=325 HostName=LAPTOP-J60BJ9PH Ip="::1" Method=GET Path=/api/v1/article/info/2 SpendTime="%!d(float64=2) ms" Status=200
time="2022-01-09 21:47:20" level=info Agent="Mozilla/5.0 (Windows NT 10.0; Win64; x64) AppleWebKit/537.36 (KHTML, like Gecko) Chrome/96.0.4664.110 Safari/537.36" DataSize=1792 HostName=LAPTOP-J60BJ9PH Ip="::1" Method=GET Path="/api/v1/article?pagesize=5&pagenum=1" SpendTime="%!d(float64=2) ms" Status=200
time="2022-01-09 21:47:22" level=info Agent="Mozilla/5.0 (Windows NT 10.0; Win64; x64) AppleWebKit/537.36 (KHTML, like Gecko) Chrome/96.0.4664.110 Safari/537.36" DataSize=327 HostName=LAPTOP-J60BJ9PH Ip="::1" Method=GET Path=/api/v1/article/info/8 SpendTime="%!d(float64=2) ms" Status=200
time="2022-01-09 21:47:23" level=info Agent="Mozilla/5.0 (Windows NT 10.0; Win64; x64) AppleWebKit/537.36 (KHTML, like Gecko) Chrome/96.0.4664.110 Safari/537.36" DataSize=1792 HostName=LAPTOP-J60BJ9PH Ip="::1" Method=GET Path="/api/v1/article?pagesize=5&pagenum=1" SpendTime="%!d(float64=1) ms" Status=200
time="2022-01-09 21:47:24" level=info Agent="Mozilla/5.0 (Windows NT 10.0; Win64; x64) AppleWebKit/537.36 (KHTML, like Gecko) Chrome/96.0.4664.110 Safari/537.36" DataSize=327 HostName=LAPTOP-J60BJ9PH Ip="::1" Method=GET Path=/api/v1/article/info/7 SpendTime="%!d(float64=1) ms" Status=200
time="2022-01-09 21:47:26" level=info Agent="Mozilla/5.0 (Windows NT 10.0; Win64; x64) AppleWebKit/537.36 (KHTML, like Gecko) Chrome/96.0.4664.110 Safari/537.36" DataSize=1792 HostName=LAPTOP-J60BJ9PH Ip="::1" Method=GET Path="/api/v1/article?pagesize=5&pagenum=1" SpendTime="%!d(float64=2) ms" Status=200
time="2022-01-09 21:47:28" level=info Agent="Mozilla/5.0 (Windows NT 10.0; Win64; x64) AppleWebKit/537.36 (KHTML, like Gecko) Chrome/96.0.4664.110 Safari/537.36" DataSize=327 HostName=LAPTOP-J60BJ9PH Ip="::1" Method=GET Path=/api/v1/article/info/3 SpendTime="%!d(float64=4) ms" Status=200
time="2022-01-09 21:47:30" level=info Agent="Mozilla/5.0 (Windows NT 10.0; Win64; x64) AppleWebKit/537.36 (KHTML, like Gecko) Chrome/96.0.4664.110 Safari/537.36" DataSize=1792 HostName=LAPTOP-J60BJ9PH Ip="::1" Method=GET Path="/api/v1/article?pagesize=5&pagenum=1" SpendTime="%!d(float64=2) ms" Status=200
time="2022-01-09 21:53:52" level=info Agent="Mozilla/5.0 (Windows NT 10.0; Win64; x64) AppleWebKit/537.36 (KHTML, like Gecko) Chrome/96.0.4664.110 Safari/537.36" DataSize=994 HostName=LAPTOP-J60BJ9PH Ip="::1" Method=GET Path=/api/v1/category SpendTime="%!d(float64=4) ms" Status=200
time="2022-01-09 21:53:52" level=info Agent="Mozilla/5.0 (Windows NT 10.0; Win64; x64) AppleWebKit/537.36 (KHTML, like Gecko) Chrome/96.0.4664.110 Safari/537.36" DataSize=161 HostName=LAPTOP-J60BJ9PH Ip="::1" Method=GET Path=/api/v1/profile/1 SpendTime="%!d(float64=1) ms" Status=200
time="2022-01-09 21:53:52" level=info Agent="Mozilla/5.0 (Windows NT 10.0; Win64; x64) AppleWebKit/537.36 (KHTML, like Gecko) Chrome/96.0.4664.110 Safari/537.36" DataSize=1792 HostName=LAPTOP-J60BJ9PH Ip="::1" Method=GET Path="/api/v1/article?pagesize=5&pagenum=1" SpendTime="%!d(float64=1) ms" Status=200
time="2022-01-09 21:56:00" level=info Agent="Mozilla/5.0 (Windows NT 10.0; Win64; x64) AppleWebKit/537.36 (KHTML, like Gecko) Chrome/96.0.4664.110 Safari/537.36" DataSize=994 HostName=LAPTOP-J60BJ9PH Ip="::1" Method=GET Path=/api/v1/category SpendTime="%!d(float64=5) ms" Status=200
time="2022-01-09 21:56:00" level=info Agent="Mozilla/5.0 (Windows NT 10.0; Win64; x64) AppleWebKit/537.36 (KHTML, like Gecko) Chrome/96.0.4664.110 Safari/537.36" DataSize=161 HostName=LAPTOP-J60BJ9PH Ip="::1" Method=GET Path=/api/v1/profile/1 SpendTime="%!d(float64=2) ms" Status=200
time="2022-01-09 21:56:00" level=info Agent="Mozilla/5.0 (Windows NT 10.0; Win64; x64) AppleWebKit/537.36 (KHTML, like Gecko) Chrome/96.0.4664.110 Safari/537.36" DataSize=1792 HostName=LAPTOP-J60BJ9PH Ip="::1" Method=GET Path="/api/v1/article?pagesize=5&pagenum=1" SpendTime="%!d(float64=2) ms" Status=200
time="2022-01-09 21:56:01" level=info Agent="Mozilla/5.0 (Windows NT 10.0; Win64; x64) AppleWebKit/537.36 (KHTML, like Gecko) Chrome/96.0.4664.110 Safari/537.36" DataSize=327 HostName=LAPTOP-J60BJ9PH Ip="::1" Method=GET Path=/api/v1/article/info/8 SpendTime="%!d(float64=2) ms" Status=200
time="2022-01-09 22:05:24" level=info Agent=PostmanRuntime/7.28.4 DataSize=222 HostName=LAPTOP-J60BJ9PH Ip="::1" Method=POST Path=/api/v1/login SpendTime="%!d(float64=39) ms" Status=200
time="2022-01-09 22:05:58" level=info Agent=PostmanRuntime/7.28.4 DataSize=222 HostName=LAPTOP-J60BJ9PH Ip="::1" Method=POST Path=/api/v1/login SpendTime="%!d(float64=41) ms" Status=200
time="2022-01-09 22:06:15" level=error Agent=PostmanRuntime/7.28.4 DataSize=0 HostName=LAPTOP-J60BJ9PH Ip="::1" Method=POST Path=/api/v1/upload SpendTime="%!d(float64=4) ms" Status=500
time="2022-01-09 22:18:48" level=error Agent=PostmanRuntime/7.28.4 DataSize=0 HostName=LAPTOP-J60BJ9PH Ip="::1" Method=POST Path=/api/v1/upload SpendTime="%!d(float64=4) ms" Status=500
time="2022-01-09 22:21:04" level=error Agent=PostmanRuntime/7.28.4 DataSize=0 HostName=LAPTOP-J60BJ9PH Ip="::1" Method=POST Path=/api/v1/upload SpendTime="%!d(float64=4) ms" Status=500
