time="2022-01-02 10:34:47" level=info Agent=PostmanRuntime/7.28.4 DataSize=219 HostName=LAPTOP-J60BJ9PH Ip="::1" Method=POST Path=/api/v1/login SpendTime="%!d(float64=146) ms" Status=200
time="2022-01-02 10:34:52" level=error Agent=PostmanRuntime/7.28.4 DataSize=0 HostName=LAPTOP-J60BJ9PH Ip="::1" Method=POST Path=/api/v1/upload SpendTime="%!d(float64=3) ms" Status=500
time="2022-01-02 10:35:03" level=info Agent=PostmanRuntime/7.28.4 DataSize=1016 HostName=LAPTOP-J60BJ9PH Ip="::1" Method=GET Path="/api/v1/users?pagesize=5&pagenum=1" SpendTime="%!d(float64=5) ms" Status=200
time="2022-01-02 10:35:13" level=info Agent=PostmanRuntime/7.28.4 DataSize=1991 HostName=LAPTOP-J60BJ9PH Ip="::1" Method=GET Path="/api/v1/users?pagesize=10&pagenum=1" SpendTime="%!d(float64=3) ms" Status=200
time="2022-01-02 10:35:25" level=info Agent=PostmanRuntime/7.28.4 DataSize=217 HostName=LAPTOP-J60BJ9PH Ip="::1" Method=POST Path=/api/v1/user/add SpendTime="%!d(float64=3) ms" Status=200
time="2022-01-02 10:35:34" level=info Agent=PostmanRuntime/7.28.4 DataSize=66 HostName=LAPTOP-J60BJ9PH Ip="::1" Method=POST Path=/api/v1/user/add SpendTime="%!d(float64=1) ms" Status=200
time="2022-01-02 10:35:39" level=info Agent=PostmanRuntime/7.28.4 DataSize=230 HostName=LAPTOP-J60BJ9PH Ip="::1" Method=POST Path=/api/v1/user/add SpendTime="%!d(float64=207) ms" Status=200
time="2022-01-02 10:43:54" level=error Agent=PostmanRuntime/7.28.4 DataSize=0 HostName=LAPTOP-J60BJ9PH Ip="::1" Method=DELETE Path=/api/v1/user/2 SpendTime="%!d(float64=5) ms" Status=500
time="2022-01-02 10:44:00" level=error Agent=PostmanRuntime/7.28.4 DataSize=0 HostName=LAPTOP-J60BJ9PH Ip="::1" Method=DELETE Path=/api/v1/user/1 SpendTime="%!d(float64=3) ms" Status=500
time="2022-01-02 10:44:26" level=info Agent=PostmanRuntime/7.28.4 DataSize=219 HostName=LAPTOP-J60BJ9PH Ip="::1" Method=POST Path=/api/v1/login SpendTime="%!d(float64=52) ms" Status=200
time="2022-01-02 10:44:32" level=error Agent=PostmanRuntime/7.28.4 DataSize=0 HostName=LAPTOP-J60BJ9PH Ip="::1" Method=DELETE Path=/api/v1/user/4 SpendTime="%!d(float64=2) ms" Status=500
time="2022-01-02 10:59:05" level=info Agent="Mozilla/5.0 (Windows NT 10.0; Win64; x64) AppleWebKit/537.36 (KHTML, like Gecko) Chrome/96.0.4664.110 Safari/537.36" DataSize=0 HostName=LAPTOP-J60BJ9PH Ip="::1" Method=OPTIONS Path=/api/v1/login SpendTime="%!d(float64=0) ms" Status=204
time="2022-01-02 10:59:05" level=info Agent="Mozilla/5.0 (Windows NT 10.0; Win64; x64) AppleWebKit/537.36 (KHTML, like Gecko) Chrome/96.0.4664.110 Safari/537.36" DataSize=219 HostName=LAPTOP-J60BJ9PH Ip="::1" Method=POST Path=/api/v1/login SpendTime="%!d(float64=46) ms" Status=200
time="2022-01-02 10:59:07" level=info Agent="Mozilla/5.0 (Windows NT 10.0; Win64; x64) AppleWebKit/537.36 (KHTML, like Gecko) Chrome/96.0.4664.110 Safari/537.36" DataSize=1016 HostName=LAPTOP-J60BJ9PH Ip="::1" Method=GET Path="/api/v1/users?username=&pagesize=5&pagenum=1" SpendTime="%!d(float64=2) ms" Status=200
time="2022-01-02 10:59:12" level=info Agent="Mozilla/5.0 (Windows NT 10.0; Win64; x64) AppleWebKit/537.36 (KHTML, like Gecko) Chrome/96.0.4664.110 Safari/537.36" DataSize=2378 HostName=LAPTOP-J60BJ9PH Ip="::1" Method=GET Path="/api/v1/users?username=&pagenum=2" SpendTime="%!d(float64=2) ms" Status=200
time="2022-01-02 10:59:15" level=info Agent="Mozilla/5.0 (Windows NT 10.0; Win64; x64) AppleWebKit/537.36 (KHTML, like Gecko) Chrome/96.0.4664.110 Safari/537.36" DataSize=2378 HostName=LAPTOP-J60BJ9PH Ip="::1" Method=GET Path="/api/v1/users?username=&pagenum=3" SpendTime="%!d(float64=5) ms" Status=200
time="2022-01-02 10:59:17" level=info Agent="Mozilla/5.0 (Windows NT 10.0; Win64; x64) AppleWebKit/537.36 (KHTML, like Gecko) Chrome/96.0.4664.110 Safari/537.36" DataSize=2378 HostName=LAPTOP-J60BJ9PH Ip="::1" Method=GET Path="/api/v1/users?username=&pagenum=2" SpendTime="%!d(float64=3) ms" Status=200
time="2022-01-02 10:59:20" level=info Agent="Mozilla/5.0 (Windows NT 10.0; Win64; x64) AppleWebKit/537.36 (KHTML, like Gecko) Chrome/96.0.4664.110 Safari/537.36" DataSize=435 HostName=LAPTOP-J60BJ9PH Ip="::1" Method=GET Path="/api/v1/users?username=ad&pagenum=2" SpendTime="%!d(float64=1) ms" Status=200
time="2022-01-02 11:00:23" level=info Agent="Mozilla/5.0 (Windows NT 10.0; Win64; x64) AppleWebKit/537.36 (KHTML, like Gecko) Chrome/96.0.4664.110 Safari/537.36" DataSize=2378 HostName=LAPTOP-J60BJ9PH Ip="::1" Method=GET Path="/api/v1/users?username=&pagenum=2" SpendTime="%!d(float64=4) ms" Status=200
time="2022-01-02 11:02:55" level=info Agent="Mozilla/5.0 (Windows NT 10.0; Win64; x64) AppleWebKit/537.36 (KHTML, like Gecko) Chrome/96.0.4664.110 Safari/537.36" DataSize=0 HostName=LAPTOP-J60BJ9PH Ip="::1" Method=OPTIONS Path=/api/v1/user/10 SpendTime="%!d(float64=0) ms" Status=204
time="2022-01-02 11:02:55" level=info Agent="Mozilla/5.0 (Windows NT 10.0; Win64; x64) AppleWebKit/537.36 (KHTML, like Gecko) Chrome/96.0.4664.110 Safari/537.36" DataSize=58 HostName=LAPTOP-J60BJ9PH Ip="::1" Method=DELETE Path=/api/v1/user/10 SpendTime="%!d(float64=1) ms" Status=200
time="2022-01-02 11:02:55" level=info Agent="Mozilla/5.0 (Windows NT 10.0; Win64; x64) AppleWebKit/537.36 (KHTML, like Gecko) Chrome/96.0.4664.110 Safari/537.36" DataSize=2378 HostName=LAPTOP-J60BJ9PH Ip="::1" Method=GET Path="/api/v1/users?username=&pagenum=2" SpendTime="%!d(float64=6) ms" Status=200
time="2022-01-02 11:06:25" level=info Agent="Mozilla/5.0 (Windows NT 10.0; Win64; x64) AppleWebKit/537.36 (KHTML, like Gecko) Chrome/96.0.4664.110 Safari/537.36" DataSize=0 HostName=LAPTOP-J60BJ9PH Ip="::1" Method=OPTIONS Path=/api/v1/user/7 SpendTime="%!d(float64=0) ms" Status=204
time="2022-01-02 11:06:25" level=info Agent="Mozilla/5.0 (Windows NT 10.0; Win64; x64) AppleWebKit/537.36 (KHTML, like Gecko) Chrome/96.0.4664.110 Safari/537.36" DataSize=58 HostName=LAPTOP-J60BJ9PH Ip="::1" Method=DELETE Path=/api/v1/user/7 SpendTime="%!d(float64=1) ms" Status=200
time="2022-01-02 11:06:25" level=info Agent="Mozilla/5.0 (Windows NT 10.0; Win64; x64) AppleWebKit/537.36 (KHTML, like Gecko) Chrome/96.0.4664.110 Safari/537.36" DataSize=2378 HostName=LAPTOP-J60BJ9PH Ip="::1" Method=GET Path="/api/v1/users?username=&pagenum=2" SpendTime="%!d(float64=4) ms" Status=200
time="2022-01-02 11:06:31" level=info Agent="Mozilla/5.0 (Windows NT 10.0; Win64; x64) AppleWebKit/537.36 (KHTML, like Gecko) Chrome/96.0.4664.110 Safari/537.36" DataSize=0 HostName=LAPTOP-J60BJ9PH Ip="::1" Method=OPTIONS Path=/api/v1/user/11 SpendTime="%!d(float64=0) ms" Status=204
time="2022-01-02 11:06:31" level=info Agent="Mozilla/5.0 (Windows NT 10.0; Win64; x64) AppleWebKit/537.36 (KHTML, like Gecko) Chrome/96.0.4664.110 Safari/537.36" DataSize=58 HostName=LAPTOP-J60BJ9PH Ip="::1" Method=DELETE Path=/api/v1/user/11 SpendTime="%!d(float64=0) ms" Status=200
time="2022-01-02 11:06:31" level=info Agent="Mozilla/5.0 (Windows NT 10.0; Win64; x64) AppleWebKit/537.36 (KHTML, like Gecko) Chrome/96.0.4664.110 Safari/537.36" DataSize=2378 HostName=LAPTOP-J60BJ9PH Ip="::1" Method=GET Path="/api/v1/users?username=&pagenum=2" SpendTime="%!d(float64=2) ms" Status=200
time="2022-01-02 11:07:05" level=info Agent="Mozilla/5.0 (Windows NT 10.0; Win64; x64) AppleWebKit/537.36 (KHTML, like Gecko) Chrome/96.0.4664.110 Safari/537.36" DataSize=58 HostName=LAPTOP-J60BJ9PH Ip="::1" Method=DELETE Path=/api/v1/user/7 SpendTime="%!d(float64=0) ms" Status=200
time="2022-01-02 11:07:05" level=info Agent="Mozilla/5.0 (Windows NT 10.0; Win64; x64) AppleWebKit/537.36 (KHTML, like Gecko) Chrome/96.0.4664.110 Safari/537.36" DataSize=2378 HostName=LAPTOP-J60BJ9PH Ip="::1" Method=GET Path="/api/v1/users?username=&pagenum=2" SpendTime="%!d(float64=4) ms" Status=200
time="2022-01-02 11:07:53" level=error Agent=PostmanRuntime/7.28.4 DataSize=0 HostName=LAPTOP-J60BJ9PH Ip="::1" Method=DELETE Path=/api/v1/user/4 SpendTime="%!d(float64=4) ms" Status=500
time="2022-01-02 22:53:54" level=info Agent=PostmanRuntime/7.28.4 DataSize=56 HostName=LAPTOP-J60BJ9PH Ip="::1" Method=DELETE Path=/api/v1/user/4 SpendTime="%!d(float64=0) ms" Status=200
time="2022-01-02 22:54:03" level=info Agent=PostmanRuntime/7.28.4 DataSize=219 HostName=LAPTOP-J60BJ9PH Ip="::1" Method=POST Path=/api/v1/login SpendTime="%!d(float64=44) ms" Status=200
time="2022-01-02 22:54:26" level=info Agent=PostmanRuntime/7.28.4 DataSize=29 HostName=LAPTOP-J60BJ9PH Ip="::1" Method=DELETE Path=/api/v1/user/4 SpendTime="%!d(float64=142) ms" Status=200
time="2022-01-02 22:57:36" level=info Agent=PostmanRuntime/7.28.4 DataSize=56 HostName=LAPTOP-J60BJ9PH Ip="::1" Method=PUT Path=/api/v1/user/2 SpendTime="%!d(float64=0) ms" Status=200
time="2022-01-02 22:58:08" level=info Agent=PostmanRuntime/7.28.4 DataSize=56 HostName=LAPTOP-J60BJ9PH Ip="::1" Method=POST Path=/api/v1/upload SpendTime="%!d(float64=0) ms" Status=200
time="2022-01-02 22:58:39" level=error Agent=PostmanRuntime/7.28.4 DataSize=0 HostName=LAPTOP-J60BJ9PH Ip="::1" Method=POST Path=/api/v1/upload SpendTime="%!d(float64=4) ms" Status=500
time="2022-01-02 22:59:02" level=info Agent=PostmanRuntime/7.28.4 DataSize=29 HostName=LAPTOP-J60BJ9PH Ip="::1" Method=DELETE Path=/api/v1/user/3 SpendTime="%!d(float64=131) ms" Status=200
time="2022-01-02 22:59:05" level=info Agent=PostmanRuntime/7.28.4 DataSize=29 HostName=LAPTOP-J60BJ9PH Ip="::1" Method=DELETE Path=/api/v1/user/3 SpendTime="%!d(float64=2) ms" Status=200
time="2022-01-02 22:59:08" level=info Agent=PostmanRuntime/7.28.4 DataSize=1991 HostName=LAPTOP-J60BJ9PH Ip="::1" Method=GET Path="/api/v1/users?pagesize=10&pagenum=1" SpendTime="%!d(float64=2) ms" Status=200
time="2022-01-02 22:59:14" level=info Agent=PostmanRuntime/7.28.4 DataSize=218 HostName=LAPTOP-J60BJ9PH Ip="::1" Method=POST Path=/api/v1/user/add SpendTime="%!d(float64=5) ms" Status=200
time="2022-01-02 22:59:23" level=info Agent=PostmanRuntime/7.28.4 DataSize=53 HostName=LAPTOP-J60BJ9PH Ip="::1" Method=POST Path=/api/v1/user/add SpendTime="%!d(float64=1) ms" Status=200
time="2022-01-02 22:59:28" level=info Agent=PostmanRuntime/7.28.4 DataSize=229 HostName=LAPTOP-J60BJ9PH Ip="::1" Method=POST Path=/api/v1/user/add SpendTime="%!d(float64=163) ms" Status=200
time="2022-01-02 22:59:33" level=info Agent=PostmanRuntime/7.28.4 DataSize=217 HostName=LAPTOP-J60BJ9PH Ip="::1" Method=POST Path=/api/v1/user/add SpendTime="%!d(float64=2) ms" Status=200
